<?xml version="1.0" encoding="UTF-8"?>
<testsuite xmlns:xsi="http://www.w3.org/2001/XMLSchema-instance" xsi:noNamespaceSchemaLocation="https://maven.apache.org/surefire/maven-surefire-plugin/xsd/surefire-test-report.xsd" name="com.stackroute.EmployeeTestJaco.DeveloperTest" time="0.033" tests="8" errors="0" skipped="0" failures="0">
  <properties>
[...]
</properties>
  <testcase name="checkingexperiencefailure" classname="com.stackroute.EmployeeTestJaco.DeveloperTest" time="0.004"/>
  <testcase name="whennamegiventhenstore" classname="com.stackroute.EmployeeTestJaco.DeveloperTest" time="0.004"/>
  <testcase name="whennameset" classname="com.stackroute.EmployeeTestJaco.DeveloperTest" time="0.001"/>
  <testcase name="timeoutcheck" classname="com.stackroute.EmployeeTestJaco.DeveloperTest" time="0.005"/>
  <testcase name="checkvalidateexprfailure" classname="com.stackroute.EmployeeTestJaco.DeveloperTest" time="0.004"/>
  <testcase name="whenexperienceset" classname="com.stackroute.EmployeeTestJaco.DeveloperTest" time="0"/>
  <testcase name="checkvalidatesuccess" classname="com.stackroute.EmployeeTestJaco.DeveloperTest" time="0.001"/>
  <testcase name="checkingexperiencesuccess" classname="com.stackroute.EmployeeTestJaco.DeveloperTest" time="0.002"/>
</testsuite>